TN:
SF:/Users/wiliam/Documents/repos/todo-list-vue/src/components/InputTask.vue
FNF:0
FNH:0
DA:17,1
DA:22,0
DA:23,0
DA:24,0
DA:25,0
DA:26,0
DA:27,0
LF:7
LH:1
BRF:0
BRH:0
end_of_record
TN:
SF:/Users/wiliam/Documents/repos/todo-list-vue/src/models/Task.js
FN:2,(anonymous_0)
FNF:1
FNH:0
FNDA:0,(anonymous_0)
DA:3,0
DA:4,0
DA:5,0
LF:3
LH:0
BRF:0
BRH:0
end_of_record
TN:
SF:/Users/wiliam/Documents/repos/todo-list-vue/src/App.vue
FNF:0
FNH:0
DA:24,0
DA:30,0
LF:2
LH:0
BRF:0
BRH:0
end_of_record
TN:
SF:/Users/wiliam/Documents/repos/todo-list-vue/src/components/TaskList.vue
FN:21,(anonymous_0)
FNF:1
FNH:0
FNDA:0,(anonymous_0)
DA:19,0
DA:22,0
DA:23,0
DA:24,0
DA:26,0
DA:31,0
LF:6
LH:0
BRDA:22,0,0,0
BRDA:22,0,1,0
BRDA:23,1,0,0
BRDA:23,1,1,0
BRF:4
BRH:0
end_of_record
